========================================
2026-05-01 17:18:03 data_app_crash (text, 1932 bytes)
Process: com.minikano.f50_sms
PID: 4315
UID: 10125
Frozen: false
Flags: 0x28e8be44
Package: com.minikano.f50_sms v20260501 (4.0.0)
Foreground: Yes
Process-Runtime: 513
Build: ZTE/MU300/MU300:13/TP1A.220624.014/20250701.085229:user/release-keys
Loading-Progress: 1.0
Dropped-Count: 0

java.lang.IllegalStateException: CompositionLocal LocalLifecycleOwner not present
	at c1.a.invoke(Unknown Source:4)
	at F1.r.getValue(Unknown Source:20)
	at E.V.a(Unknown Source:2)
	at E.d.B(Unknown Source:17)
	at E.o.k(Unknown Source:4)
	at l1.o.invoke(Unknown Source:73)
	at M.b.invoke(SourceFile:7)
	at k0.f0.a(Unknown Source:22)
	at G0.q.invoke(Unknown Source:60)
	at E.o.D(Unknown Source:450)
	at E.o.K(Unknown Source:136)
	at E.o.o(Unknown Source:237)
	at E.o.C(Unknown Source:29)
	at E.u.r(Unknown Source:21)
	at E.A0.p(Unknown Source:101)
	at E.y0.invoke(Unknown Source:538)
	at E.A.doFrame(Unknown Source:13)
	at k0.W.doFrame(Unknown Source:47)
	at android.view.Choreographer$CallbackRecord.run(Choreographer.java:1254)
	at android.view.Choreographer$CallbackRecord.run(Choreographer.java:1264)
	at android.view.Choreographer.doCallbacks(Choreographer.java:924)
	at android.view.Choreographer.doFrame(Choreographer.java:852)
	at android.view.Choreographer$FrameDisplayEventReceiver.run(Choreographer.java:1239)
	at android.os.Handler.handleCallback(Handler.java:942)
	at android.os.Handler.dispatchMessage(Handler.java:99)
	at android.os.Looper.loopOnce(Looper.java:235)
	at android.os.Looper.loop(Looper.java:350)
	at android.app.ActivityThread.main(ActivityThread.java:8760)
	at java.lang.reflect.Method.invoke(Native Method)
	at com.android.internal.os.RuntimeInit$MethodAndArgsCaller.run(RuntimeInit.java:703)
	at com.android.internal.os.ZygoteInit.main(ZygoteInit.java:911)
	Suppressed: kotlinx.coroutines.internal.DiagnosticCoroutineContextException: [E.m0@d1177b2, k0.t0@8946303, StandaloneCoroutine{Cancelling}@4ab4280, X@a2e80b9]

========================================
2026-05-01 17:19:03 data_app_crash (text, 1934 bytes)
Process: com.minikano.f50_sms
PID: 4376
UID: 10125
Frozen: false
Flags: 0x28c8be44
Package: com.minikano.f50_sms v20260501 (4.0.0)
Foreground: Yes
Process-Runtime: 52337
Build: ZTE/MU300/MU300:13/TP1A.220624.014/20250701.085229:user/release-keys
Loading-Progress: 1.0
Dropped-Count: 0

java.lang.IllegalStateException: CompositionLocal LocalLifecycleOwner not present
	at c1.a.invoke(Unknown Source:4)
	at F1.r.getValue(Unknown Source:20)
	at E.V.a(Unknown Source:2)
	at E.d.B(Unknown Source:17)
	at E.o.k(Unknown Source:4)
	at l1.o.invoke(Unknown Source:73)
	at M.b.invoke(SourceFile:7)
	at k0.f0.a(Unknown Source:22)
	at G0.q.invoke(Unknown Source:60)
	at E.o.D(Unknown Source:450)
	at E.o.K(Unknown Source:136)
	at E.o.o(Unknown Source:237)
	at E.o.C(Unknown Source:29)
	at E.u.r(Unknown Source:21)
	at E.A0.p(Unknown Source:101)
	at E.y0.invoke(Unknown Source:538)
	at E.A.doFrame(Unknown Source:13)
	at k0.W.doFrame(Unknown Source:47)
	at android.view.Choreographer$CallbackRecord.run(Choreographer.java:1254)
	at android.view.Choreographer$CallbackRecord.run(Choreographer.java:1264)
	at android.view.Choreographer.doCallbacks(Choreographer.java:924)
	at android.view.Choreographer.doFrame(Choreographer.java:852)
	at android.view.Choreographer$FrameDisplayEventReceiver.run(Choreographer.java:1239)
	at android.os.Handler.handleCallback(Handler.java:942)
	at android.os.Handler.dispatchMessage(Handler.java:99)
	at android.os.Looper.loopOnce(Looper.java:235)
	at android.os.Looper.loop(Looper.java:350)
	at android.app.ActivityThread.main(ActivityThread.java:8760)
	at java.lang.reflect.Method.invoke(Native Method)
	at com.android.internal.os.RuntimeInit$MethodAndArgsCaller.run(RuntimeInit.java:703)
	at com.android.internal.os.ZygoteInit.main(ZygoteInit.java:911)
	Suppressed: kotlinx.coroutines.internal.DiagnosticCoroutineContextException: [E.m0@ac206ac, k0.t0@7ad6f75, StandaloneCoroutine{Cancelling}@64c4b0a, X@1152f7b]

========================================
2026-05-01 17:19:04 data_app_crash (text, 1932 bytes)
Process: com.minikano.f50_sms
PID: 4814
UID: 10125
Frozen: false
Flags: 0x28c8be44
Package: com.minikano.f50_sms v20260501 (4.0.0)
Foreground: Yes
Process-Runtime: 463
Build: ZTE/MU300/MU300:13/TP1A.220624.014/20250701.085229:user/release-keys
Loading-Progress: 1.0
Dropped-Count: 0

java.lang.IllegalStateException: CompositionLocal LocalLifecycleOwner not present
	at c1.a.invoke(Unknown Source:4)
	at F1.r.getValue(Unknown Source:20)
	at E.V.a(Unknown Source:2)
	at E.d.B(Unknown Source:17)
	at E.o.k(Unknown Source:4)
	at l1.o.invoke(Unknown Source:73)
	at M.b.invoke(SourceFile:7)
	at k0.f0.a(Unknown Source:22)
	at G0.q.invoke(Unknown Source:60)
	at E.o.D(Unknown Source:450)
	at E.o.K(Unknown Source:136)
	at E.o.o(Unknown Source:237)
	at E.o.C(Unknown Source:29)
	at E.u.r(Unknown Source:21)
	at E.A0.p(Unknown Source:101)
	at E.y0.invoke(Unknown Source:538)
	at E.A.doFrame(Unknown Source:13)
	at k0.W.doFrame(Unknown Source:47)
	at android.view.Choreographer$CallbackRecord.run(Choreographer.java:1254)
	at android.view.Choreographer$CallbackRecord.run(Choreographer.java:1264)
	at android.view.Choreographer.doCallbacks(Choreographer.java:924)
	at android.view.Choreographer.doFrame(Choreographer.java:852)
	at android.view.Choreographer$FrameDisplayEventReceiver.run(Choreographer.java:1239)
	at android.os.Handler.handleCallback(Handler.java:942)
	at android.os.Handler.dispatchMessage(Handler.java:99)
	at android.os.Looper.loopOnce(Looper.java:235)
	at android.os.Looper.loop(Looper.java:350)
	at android.app.ActivityThread.main(ActivityThread.java:8760)
	at java.lang.reflect.Method.invoke(Native Method)
	at com.android.internal.os.RuntimeInit$MethodAndArgsCaller.run(RuntimeInit.java:703)
	at com.android.internal.os.ZygoteInit.main(ZygoteInit.java:911)
	Suppressed: kotlinx.coroutines.internal.DiagnosticCoroutineContextException: [E.m0@8946303, k0.t0@4ab4280, StandaloneCoroutine{Cancelling}@a2e80b9, X@91b5cfe]

========================================
2026-05-01 17:19:06 data_app_crash (text, 1932 bytes)
Process: com.minikano.f50_sms
PID: 5059
UID: 10125
Frozen: false
Flags: 0x28c8be44
Package: com.minikano.f50_sms v20260501 (4.0.0)
Foreground: Yes
Process-Runtime: 446
Build: ZTE/MU300/MU300:13/TP1A.220624.014/20250701.085229:user/release-keys
Loading-Progress: 1.0
Dropped-Count: 0

java.lang.IllegalStateException: CompositionLocal LocalLifecycleOwner not present
	at c1.a.invoke(Unknown Source:4)
	at F1.r.getValue(Unknown Source:20)
	at E.V.a(Unknown Source:2)
	at E.d.B(Unknown Source:17)
	at E.o.k(Unknown Source:4)
	at l1.o.invoke(Unknown Source:73)
	at M.b.invoke(SourceFile:7)
	at k0.f0.a(Unknown Source:22)
	at G0.q.invoke(Unknown Source:60)
	at E.o.D(Unknown Source:450)
	at E.o.K(Unknown Source:136)
	at E.o.o(Unknown Source:237)
	at E.o.C(Unknown Source:29)
	at E.u.r(Unknown Source:21)
	at E.A0.p(Unknown Source:101)
	at E.y0.invoke(Unknown Source:538)
	at E.A.doFrame(Unknown Source:13)
	at k0.W.doFrame(Unknown Source:47)
	at android.view.Choreographer$CallbackRecord.run(Choreographer.java:1254)
	at android.view.Choreographer$CallbackRecord.run(Choreographer.java:1264)
	at android.view.Choreographer.doCallbacks(Choreographer.java:924)
	at android.view.Choreographer.doFrame(Choreographer.java:852)
	at android.view.Choreographer$FrameDisplayEventReceiver.run(Choreographer.java:1239)
	at android.os.Handler.handleCallback(Handler.java:942)
	at android.os.Handler.dispatchMessage(Handler.java:99)
	at android.os.Looper.loopOnce(Looper.java:235)
	at android.os.Looper.loop(Looper.java:350)
	at android.app.ActivityThread.main(ActivityThread.java:8760)
	at java.lang.reflect.Method.invoke(Native Method)
	at com.android.internal.os.RuntimeInit$MethodAndArgsCaller.run(RuntimeInit.java:703)
	at com.android.internal.os.ZygoteInit.main(ZygoteInit.java:911)
	Suppressed: kotlinx.coroutines.internal.DiagnosticCoroutineContextException: [E.m0@ee37d2b, k0.t0@1419588, StandaloneCoroutine{Cancelling}@3ac4b21, X@bc63b46]

========================================
2026-05-01 17:19:08 data_app_crash (text, 1932 bytes)
Process: com.minikano.f50_sms
PID: 5322
UID: 10125
Frozen: false
Flags: 0x28c8be44
Package: com.minikano.f50_sms v20260501 (4.0.0)
Foreground: Yes
Process-Runtime: 583
Build: ZTE/MU300/MU300:13/TP1A.220624.014/20250701.085229:user/release-keys
Loading-Progress: 1.0
Dropped-Count: 0

java.lang.IllegalStateException: CompositionLocal LocalLifecycleOwner not present
	at c1.a.invoke(Unknown Source:4)
	at F1.r.getValue(Unknown Source:20)
	at E.V.a(Unknown Source:2)
	at E.d.B(Unknown Source:17)
	at E.o.k(Unknown Source:4)
	at l1.o.invoke(Unknown Source:73)
	at M.b.invoke(SourceFile:7)
	at k0.f0.a(Unknown Source:22)
	at G0.q.invoke(Unknown Source:60)
	at E.o.D(Unknown Source:450)
	at E.o.K(Unknown Source:136)
	at E.o.o(Unknown Source:237)
	at E.o.C(Unknown Source:29)
	at E.u.r(Unknown Source:21)
	at E.A0.p(Unknown Source:101)
	at E.y0.invoke(Unknown Source:538)
	at E.A.doFrame(Unknown Source:13)
	at k0.W.doFrame(Unknown Source:47)
	at android.view.Choreographer$CallbackRecord.run(Choreographer.java:1254)
	at android.view.Choreographer$CallbackRecord.run(Choreographer.java:1264)
	at android.view.Choreographer.doCallbacks(Choreographer.java:924)
	at android.view.Choreographer.doFrame(Choreographer.java:852)
	at android.view.Choreographer$FrameDisplayEventReceiver.run(Choreographer.java:1239)
	at android.os.Handler.handleCallback(Handler.java:942)
	at android.os.Handler.dispatchMessage(Handler.java:99)
	at android.os.Looper.loopOnce(Looper.java:235)
	at android.os.Looper.loop(Looper.java:350)
	at android.app.ActivityThread.main(ActivityThread.java:8760)
	at java.lang.reflect.Method.invoke(Native Method)
	at com.android.internal.os.RuntimeInit$MethodAndArgsCaller.run(RuntimeInit.java:703)
	at com.android.internal.os.ZygoteInit.main(ZygoteInit.java:911)
	Suppressed: kotlinx.coroutines.internal.DiagnosticCoroutineContextException: [E.m0@bc63b46, k0.t0@79ac107, StandaloneCoroutine{Cancelling}@61e8234, X@ee1785d]

========================================
2026-05-01 17:38:14 data_app_crash (text, 1933 bytes)
Process: com.minikano.f50_sms
PID: 11657
UID: 10125
Frozen: false
Flags: 0x28c8be44
Package: com.minikano.f50_sms v20260501 (4.0.0)
Foreground: Yes
Process-Runtime: 485
Build: ZTE/MU300/MU300:13/TP1A.220624.014/20250701.085229:user/release-keys
Loading-Progress: 1.0
Dropped-Count: 8

java.lang.IllegalStateException: CompositionLocal LocalLifecycleOwner not present
	at c1.a.invoke(Unknown Source:4)
	at F1.r.getValue(Unknown Source:20)
	at E.V.a(Unknown Source:2)
	at E.d.B(Unknown Source:17)
	at E.o.k(Unknown Source:4)
	at l1.o.invoke(Unknown Source:73)
	at M.b.invoke(SourceFile:7)
	at k0.f0.a(Unknown Source:22)
	at G0.q.invoke(Unknown Source:60)
	at E.o.D(Unknown Source:450)
	at E.o.K(Unknown Source:136)
	at E.o.o(Unknown Source:237)
	at E.o.C(Unknown Source:29)
	at E.u.r(Unknown Source:21)
	at E.A0.p(Unknown Source:101)
	at E.y0.invoke(Unknown Source:538)
	at E.A.doFrame(Unknown Source:13)
	at k0.W.doFrame(Unknown Source:47)
	at android.view.Choreographer$CallbackRecord.run(Choreographer.java:1254)
	at android.view.Choreographer$CallbackRecord.run(Choreographer.java:1264)
	at android.view.Choreographer.doCallbacks(Choreographer.java:924)
	at android.view.Choreographer.doFrame(Choreographer.java:852)
	at android.view.Choreographer$FrameDisplayEventReceiver.run(Choreographer.java:1239)
	at android.os.Handler.handleCallback(Handler.java:942)
	at android.os.Handler.dispatchMessage(Handler.java:99)
	at android.os.Looper.loopOnce(Looper.java:235)
	at android.os.Looper.loop(Looper.java:350)
	at android.app.ActivityThread.main(ActivityThread.java:8760)
	at java.lang.reflect.Method.invoke(Native Method)
	at com.android.internal.os.RuntimeInit$MethodAndArgsCaller.run(RuntimeInit.java:703)
	at com.android.internal.os.ZygoteInit.main(ZygoteInit.java:911)
	Suppressed: kotlinx.coroutines.internal.DiagnosticCoroutineContextException: [E.m0@1702c5f, k0.t0@ac206ac, StandaloneCoroutine{Cancelling}@7ad6f75, X@64c4b0a]

========================================
2026-05-01 17:38:16 data_app_crash (text, 1933 bytes)
Process: com.minikano.f50_sms
PID: 12068
UID: 10125
Frozen: false
Flags: 0x28c8be44
Package: com.minikano.f50_sms v20260501 (4.0.0)
Foreground: Yes
Process-Runtime: 529
Build: ZTE/MU300/MU300:13/TP1A.220624.014/20250701.085229:user/release-keys
Loading-Progress: 1.0
Dropped-Count: 0

java.lang.IllegalStateException: CompositionLocal LocalLifecycleOwner not present
	at c1.a.invoke(Unknown Source:4)
	at F1.r.getValue(Unknown Source:20)
	at E.V.a(Unknown Source:2)
	at E.d.B(Unknown Source:17)
	at E.o.k(Unknown Source:4)
	at l1.o.invoke(Unknown Source:73)
	at M.b.invoke(SourceFile:7)
	at k0.f0.a(Unknown Source:22)
	at G0.q.invoke(Unknown Source:60)
	at E.o.D(Unknown Source:450)
	at E.o.K(Unknown Source:136)
	at E.o.o(Unknown Source:237)
	at E.o.C(Unknown Source:29)
	at E.u.r(Unknown Source:21)
	at E.A0.p(Unknown Source:101)
	at E.y0.invoke(Unknown Source:538)
	at E.A.doFrame(Unknown Source:13)
	at k0.W.doFrame(Unknown Source:47)
	at android.view.Choreographer$CallbackRecord.run(Choreographer.java:1254)
	at android.view.Choreographer$CallbackRecord.run(Choreographer.java:1264)
	at android.view.Choreographer.doCallbacks(Choreographer.java:924)
	at android.view.Choreographer.doFrame(Choreographer.java:852)
	at android.view.Choreographer$FrameDisplayEventReceiver.run(Choreographer.java:1239)
	at android.os.Handler.handleCallback(Handler.java:942)
	at android.os.Handler.dispatchMessage(Handler.java:99)
	at android.os.Looper.loopOnce(Looper.java:235)
	at android.os.Looper.loop(Looper.java:350)
	at android.app.ActivityThread.main(ActivityThread.java:8760)
	at java.lang.reflect.Method.invoke(Native Method)
	at com.android.internal.os.RuntimeInit$MethodAndArgsCaller.run(RuntimeInit.java:703)
	at com.android.internal.os.ZygoteInit.main(ZygoteInit.java:911)
	Suppressed: kotlinx.coroutines.internal.DiagnosticCoroutineContextException: [E.m0@ee1785d, k0.t0@d9ac5d2, StandaloneCoroutine{Cancelling}@59866a3, X@63b8da0]

========================================
2026-05-01 17:38:17 data_app_crash (text, 1933 bytes)
Process: com.minikano.f50_sms
PID: 12432
UID: 10125
Frozen: false
Flags: 0x28c8be44
Package: com.minikano.f50_sms v20260501 (4.0.0)
Foreground: Yes
Process-Runtime: 663
Build: ZTE/MU300/MU300:13/TP1A.220624.014/20250701.085229:user/release-keys
Loading-Progress: 1.0
Dropped-Count: 0

java.lang.IllegalStateException: CompositionLocal LocalLifecycleOwner not present
	at c1.a.invoke(Unknown Source:4)
	at F1.r.getValue(Unknown Source:20)
	at E.V.a(Unknown Source:2)
	at E.d.B(Unknown Source:17)
	at E.o.k(Unknown Source:4)
	at l1.o.invoke(Unknown Source:73)
	at M.b.invoke(SourceFile:7)
	at k0.f0.a(Unknown Source:22)
	at G0.q.invoke(Unknown Source:60)
	at E.o.D(Unknown Source:450)
	at E.o.K(Unknown Source:136)
	at E.o.o(Unknown Source:237)
	at E.o.C(Unknown Source:29)
	at E.u.r(Unknown Source:21)
	at E.A0.p(Unknown Source:101)
	at E.y0.invoke(Unknown Source:538)
	at E.A.doFrame(Unknown Source:13)
	at k0.W.doFrame(Unknown Source:47)
	at android.view.Choreographer$CallbackRecord.run(Choreographer.java:1254)
	at android.view.Choreographer$CallbackRecord.run(Choreographer.java:1264)
	at android.view.Choreographer.doCallbacks(Choreographer.java:924)
	at android.view.Choreographer.doFrame(Choreographer.java:852)
	at android.view.Choreographer$FrameDisplayEventReceiver.run(Choreographer.java:1239)
	at android.os.Handler.handleCallback(Handler.java:942)
	at android.os.Handler.dispatchMessage(Handler.java:99)
	at android.os.Looper.loopOnce(Looper.java:235)
	at android.os.Looper.loop(Looper.java:350)
	at android.app.ActivityThread.main(ActivityThread.java:8760)
	at java.lang.reflect.Method.invoke(Native Method)
	at com.android.internal.os.RuntimeInit$MethodAndArgsCaller.run(RuntimeInit.java:703)
	at com.android.internal.os.ZygoteInit.main(ZygoteInit.java:911)
	Suppressed: kotlinx.coroutines.internal.DiagnosticCoroutineContextException: [E.m0@4bb6d1e, k0.t0@240c9ff, StandaloneCoroutine{Cancelling}@d5be3cc, X@b505615]

========================================
2026-05-01 17:38:18 data_app_crash (text, 1933 bytes)
Process: com.minikano.f50_sms
PID: 12783
UID: 10125
Frozen: false
Flags: 0x28c8be44
Package: com.minikano.f50_sms v20260501 (4.0.0)
Foreground: Yes
Process-Runtime: 530
Build: ZTE/MU300/MU300:13/TP1A.220624.014/20250701.085229:user/release-keys
Loading-Progress: 1.0
Dropped-Count: 0

java.lang.IllegalStateException: CompositionLocal LocalLifecycleOwner not present
	at c1.a.invoke(Unknown Source:4)
	at F1.r.getValue(Unknown Source:20)
	at E.V.a(Unknown Source:2)
	at E.d.B(Unknown Source:17)
	at E.o.k(Unknown Source:4)
	at l1.o.invoke(Unknown Source:73)
	at M.b.invoke(SourceFile:7)
	at k0.f0.a(Unknown Source:22)
	at G0.q.invoke(Unknown Source:60)
	at E.o.D(Unknown Source:450)
	at E.o.K(Unknown Source:136)
	at E.o.o(Unknown Source:237)
	at E.o.C(Unknown Source:29)
	at E.u.r(Unknown Source:21)
	at E.A0.p(Unknown Source:101)
	at E.y0.invoke(Unknown Source:538)
	at E.A.doFrame(Unknown Source:13)
	at k0.W.doFrame(Unknown Source:47)
	at android.view.Choreographer$CallbackRecord.run(Choreographer.java:1254)
	at android.view.Choreographer$CallbackRecord.run(Choreographer.java:1264)
	at android.view.Choreographer.doCallbacks(Choreographer.java:924)
	at android.view.Choreographer.doFrame(Choreographer.java:852)
	at android.view.Choreographer$FrameDisplayEventReceiver.run(Choreographer.java:1239)
	at android.os.Handler.handleCallback(Handler.java:942)
	at android.os.Handler.dispatchMessage(Handler.java:99)
	at android.os.Looper.loopOnce(Looper.java:235)
	at android.os.Looper.loop(Looper.java:350)
	at android.app.ActivityThread.main(ActivityThread.java:8760)
	at java.lang.reflect.Method.invoke(Native Method)
	at com.android.internal.os.RuntimeInit$MethodAndArgsCaller.run(RuntimeInit.java:703)
	at com.android.internal.os.ZygoteInit.main(ZygoteInit.java:911)
	Suppressed: kotlinx.coroutines.internal.DiagnosticCoroutineContextException: [E.m0@91b5cfe, k0.t0@1702c5f, StandaloneCoroutine{Cancelling}@1152f7b, X@e9ee198]

========================================
2026-05-01 17:38:22 data_app_crash (text, 1933 bytes)
Process: com.minikano.f50_sms
PID: 13341
UID: 10125
Frozen: false
Flags: 0x28c8be44
Package: com.minikano.f50_sms v20260501 (4.0.0)
Foreground: Yes
Process-Runtime: 432
Build: ZTE/MU300/MU300:13/TP1A.220624.014/20250701.085229:user/release-keys
Loading-Progress: 1.0
Dropped-Count: 0

java.lang.IllegalStateException: CompositionLocal LocalLifecycleOwner not present
	at c1.a.invoke(Unknown Source:4)
	at F1.r.getValue(Unknown Source:20)
	at E.V.a(Unknown Source:2)
	at E.d.B(Unknown Source:17)
	at E.o.k(Unknown Source:4)
	at l1.o.invoke(Unknown Source:73)
	at M.b.invoke(SourceFile:7)
	at k0.f0.a(Unknown Source:22)
	at G0.q.invoke(Unknown Source:60)
	at E.o.D(Unknown Source:450)
	at E.o.K(Unknown Source:136)
	at E.o.o(Unknown Source:237)
	at E.o.C(Unknown Source:29)
	at E.u.r(Unknown Source:21)
	at E.A0.p(Unknown Source:101)
	at E.y0.invoke(Unknown Source:538)
	at E.A.doFrame(Unknown Source:13)
	at k0.W.doFrame(Unknown Source:47)
	at android.view.Choreographer$CallbackRecord.run(Choreographer.java:1254)
	at android.view.Choreographer$CallbackRecord.run(Choreographer.java:1264)
	at android.view.Choreographer.doCallbacks(Choreographer.java:924)
	at android.view.Choreographer.doFrame(Choreographer.java:852)
	at android.view.Choreographer$FrameDisplayEventReceiver.run(Choreographer.java:1239)
	at android.os.Handler.handleCallback(Handler.java:942)
	at android.os.Handler.dispatchMessage(Handler.java:99)
	at android.os.Looper.loopOnce(Looper.java:235)
	at android.os.Looper.loop(Looper.java:350)
	at android.app.ActivityThread.main(ActivityThread.java:8760)
	at java.lang.reflect.Method.invoke(Native Method)
	at com.android.internal.os.RuntimeInit$MethodAndArgsCaller.run(RuntimeInit.java:703)
	at com.android.internal.os.ZygoteInit.main(ZygoteInit.java:911)
	Suppressed: kotlinx.coroutines.internal.DiagnosticCoroutineContextException: [E.m0@8946303, k0.t0@4ab4280, StandaloneCoroutine{Cancelling}@a2e80b9, X@91b5cfe]

========================================
2026-05-01 17:38:24 data_app_crash (text, 1933 bytes)
Process: com.minikano.f50_sms
PID: 13731
UID: 10125
Frozen: false
Flags: 0x28c8be44
Package: com.minikano.f50_sms v20260501 (4.0.0)
Foreground: Yes
Process-Runtime: 421
Build: ZTE/MU300/MU300:13/TP1A.220624.014/20250701.085229:user/release-keys
Loading-Progress: 1.0
Dropped-Count: 0

java.lang.IllegalStateException: CompositionLocal LocalLifecycleOwner not present
	at c1.a.invoke(Unknown Source:4)
	at F1.r.getValue(Unknown Source:20)
	at E.V.a(Unknown Source:2)
	at E.d.B(Unknown Source:17)
	at E.o.k(Unknown Source:4)
	at l1.o.invoke(Unknown Source:73)
	at M.b.invoke(SourceFile:7)
	at k0.f0.a(Unknown Source:22)
	at G0.q.invoke(Unknown Source:60)
	at E.o.D(Unknown Source:450)
	at E.o.K(Unknown Source:136)
	at E.o.o(Unknown Source:237)
	at E.o.C(Unknown Source:29)
	at E.u.r(Unknown Source:21)
	at E.A0.p(Unknown Source:101)
	at E.y0.invoke(Unknown Source:538)
	at E.A.doFrame(Unknown Source:13)
	at k0.W.doFrame(Unknown Source:47)
	at android.view.Choreographer$CallbackRecord.run(Choreographer.java:1254)
	at android.view.Choreographer$CallbackRecord.run(Choreographer.java:1264)
	at android.view.Choreographer.doCallbacks(Choreographer.java:924)
	at android.view.Choreographer.doFrame(Choreographer.java:852)
	at android.view.Choreographer$FrameDisplayEventReceiver.run(Choreographer.java:1239)
	at android.os.Handler.handleCallback(Handler.java:942)
	at android.os.Handler.dispatchMessage(Handler.java:99)
	at android.os.Looper.loopOnce(Looper.java:235)
	at android.os.Looper.loop(Looper.java:350)
	at android.app.ActivityThread.main(ActivityThread.java:8760)
	at java.lang.reflect.Method.invoke(Native Method)
	at com.android.internal.os.RuntimeInit$MethodAndArgsCaller.run(RuntimeInit.java:703)
	at com.android.internal.os.ZygoteInit.main(ZygoteInit.java:911)
	Suppressed: kotlinx.coroutines.internal.DiagnosticCoroutineContextException: [E.m0@e31817a, k0.t0@ee37d2b, StandaloneCoroutine{Cancelling}@1419588, X@3ac4b21]

